<?xml version="1.0" encoding="UTF-8"?>
<testng-results ignored="0" total="4" passed="3" failed="1" skipped="0">
  <reporter-output>
  </reporter-output>
  <suite started-at="2021-08-09T14:39:09 CDT" name="Default suite" finished-at="2021-08-09T14:40:26 CDT" duration-ms="76866">
    <groups>
      <group name="cucumber">
        <method signature="AbstractTestNGCucumberTests.runScenario(io.cucumber.testng.PickleWrapper,io.cucumber.testng.FeatureWrapper)[pri:0, instance:cucumberOptions.TestRunner@3bf9ce3e]" name="runScenario" class="io.cucumber.testng.AbstractTestNGCucumberTests"/>
      </group> <!-- cucumber -->
    </groups>
    <test started-at="2021-08-09T14:39:09 CDT" name="Default test" finished-at="2021-08-09T14:40:26 CDT" duration-ms="76866">
      <class name="cucumberOptions.TestRunner">
        <test-method is-config="true" signature="setUpClass()[pri:0, instance:cucumberOptions.TestRunner@3bf9ce3e]" started-at="2021-08-09T14:39:09 CDT" name="setUpClass" finished-at="2021-08-09T14:39:10 CDT" duration-ms="850" status="PASS">
          <reporter-output>
          </reporter-output>
        </test-method> <!-- setUpClass -->
        <test-method signature="runScenario(io.cucumber.testng.PickleWrapper,io.cucumber.testng.FeatureWrapper)[pri:0, instance:cucumberOptions.TestRunner@3bf9ce3e]" started-at="2021-08-09T14:39:10 CDT" name="runScenario" description="Runs Cucumber Scenarios" data-provider="scenarios" finished-at="2021-08-09T14:39:21 CDT" duration-ms="11043" status="PASS">
          <params>
            <param index="0">
              <value>
                <![CDATA["login of an existing account"]]>
              </value>
            </param>
            <param index="1">
              <value>
                <![CDATA["Optional[Login]"]]>
              </value>
            </param>
          </params>
          <reporter-output>
          </reporter-output>
        </test-method> <!-- runScenario -->
        <test-method signature="runScenario(io.cucumber.testng.PickleWrapper,io.cucumber.testng.FeatureWrapper)[pri:0, instance:cucumberOptions.TestRunner@3bf9ce3e]" started-at="2021-08-09T14:39:21 CDT" name="runScenario" description="Runs Cucumber Scenarios" data-provider="scenarios" finished-at="2021-08-09T14:39:31 CDT" duration-ms="10139" status="PASS">
          <params>
            <param index="0">
              <value>
                <![CDATA["Sign off from an existing session"]]>
              </value>
            </param>
            <param index="1">
              <value>
                <![CDATA["Optional[Logout]"]]>
              </value>
            </param>
          </params>
          <reporter-output>
          </reporter-output>
        </test-method> <!-- runScenario -->
        <test-method signature="runScenario(io.cucumber.testng.PickleWrapper,io.cucumber.testng.FeatureWrapper)[pri:0, instance:cucumberOptions.TestRunner@3bf9ce3e]" started-at="2021-08-09T14:39:31 CDT" name="runScenario" description="Runs Cucumber Scenarios" data-provider="scenarios" finished-at="2021-08-09T14:40:01 CDT" duration-ms="29853" status="PASS">
          <params>
            <param index="0">
              <value>
                <![CDATA["the shopping process till the end"]]>
              </value>
            </param>
            <param index="1">
              <value>
                <![CDATA["Optional[Shopping Process]"]]>
              </value>
            </param>
          </params>
          <reporter-output>
          </reporter-output>
        </test-method> <!-- runScenario -->
        <test-method signature="runScenario(io.cucumber.testng.PickleWrapper,io.cucumber.testng.FeatureWrapper)[pri:0, instance:cucumberOptions.TestRunner@3bf9ce3e]" started-at="2021-08-09T14:40:01 CDT" name="runScenario" description="Runs Cucumber Scenarios" data-provider="scenarios" finished-at="2021-08-09T14:40:26 CDT" duration-ms="24740" status="FAIL">
          <params>
            <param index="0">
              <value>
                <![CDATA["Creation of a new account"]]>
              </value>
            </param>
            <param index="1">
              <value>
                <![CDATA["Optional[Sign up]"]]>
              </value>
            </param>
          </params>
          <exception class="org.openqa.selenium.NoSuchElementException">
            <message>
              <![CDATA[Cannot locate an element using css selector=input[id='id_gender1']
For documentation on this error, please visit: https://www.seleniumhq.org/exceptions/no_such_element.html
Build info: version: '3.141.59', revision: 'e82be7d358', time: '2018-11-14T08:17:03'
System info: host: 'LAPTOP-4CJHACFT', ip: '192.168.100.86', os.name: 'Windows 10', os.arch: 'amd64', os.version: '10.0', java.version: '16.0.1'
Driver info: driver.version: RemoteWebDriver]]>
            </message>
            <full-stacktrace>
              <![CDATA[org.openqa.selenium.NoSuchElementException: Cannot locate an element using css selector=input[id='id_gender1']
For documentation on this error, please visit: https://www.seleniumhq.org/exceptions/no_such_element.html
Build info: version: '3.141.59', revision: 'e82be7d358', time: '2018-11-14T08:17:03'
System info: host: 'LAPTOP-4CJHACFT', ip: '192.168.100.86', os.name: 'Windows 10', os.arch: 'amd64', os.version: '10.0', java.version: '16.0.1'
Driver info: driver.version: RemoteWebDriver
at org.openqa.selenium.remote.RemoteWebDriver.findElement(RemoteWebDriver.java:327)
at org.openqa.selenium.remote.RemoteWebDriver.findElementByCssSelector(RemoteWebDriver.java:420)
at org.openqa.selenium.By$ByCssSelector.findElement(By.java:431)
at org.openqa.selenium.remote.RemoteWebDriver.findElement(RemoteWebDriver.java:315)
at pageObjects.CreateAccPage.getGender(CreateAccPage.java:30)
at stepDefinitions.stepDefinition.user_provides_information_to_register_with(stepDefinition.java:47)
at ✽.User provides information to Register with(file:///C:/Users/102333781/eclipse-workspace/E2EProject/src/test/java/features/signup.feature:6)
]]>
            </full-stacktrace>
          </exception> <!-- org.openqa.selenium.NoSuchElementException -->
          <reporter-output>
          </reporter-output>
        </test-method> <!-- runScenario -->
        <test-method is-config="true" signature="tearDownClass()[pri:0, instance:cucumberOptions.TestRunner@3bf9ce3e]" started-at="2021-08-09T14:40:26 CDT" name="tearDownClass" finished-at="2021-08-09T14:40:26 CDT" duration-ms="86" status="PASS">
          <reporter-output>
          </reporter-output>
        </test-method> <!-- tearDownClass -->
      </class> <!-- cucumberOptions.TestRunner -->
    </test> <!-- Default test -->
  </suite> <!-- Default suite -->
</testng-results>
