<?xml version="1.0" encoding="UTF-8"?>
<testng-results ignored="0" total="1" passed="1" failed="0" skipped="0">
  <reporter-output>
  </reporter-output>
  <suite started-at="2021-08-02T15:05:41 CDT" name="Default suite" finished-at="2021-08-02T15:06:19 CDT" duration-ms="37635">
    <groups>
    </groups>
    <test started-at="2021-08-02T15:05:41 CDT" name="Default test" finished-at="2021-08-02T15:06:19 CDT" duration-ms="37635">
      <class name="Academy.ShopProcess">
        <test-method signature="shopProcessTest()[pri:0, instance:Academy.ShopProcess@51f116b8]" started-at="2021-08-02T15:05:41 CDT" name="shopProcessTest" finished-at="2021-08-02T15:06:19 CDT" duration-ms="37519" status="PASS">
          <reporter-output>
          </reporter-output>
        </test-method> <!-- shopProcessTest -->
      </class> <!-- Academy.ShopProcess -->
    </test> <!-- Default test -->
  </suite> <!-- Default suite -->
</testng-results>
